<?xml version="1.0" encoding="UTF-8"?>
<!-- Generated by org.testng.reporters.JUnitReportReporter -->
<testsuite skipped="0" hostname="LAPTOP-AV8JRCAO" name="testscript.ExportJsonTest" tests="1" failures="0" timestamp="2023-04-13T14:29:26 IST" time="17.959" errors="0">
  <testcase name="exportJsonTest" time="17.959" classname="testscript.ExportJsonTest"/>
  <system-out/>
</testsuite> <!-- testscript.ExportJsonTest -->
