<?xml version="1.0" encoding="UTF-8"?>
<!-- Generated by org.testng.reporters.JUnitReportReporter -->
<testsuite skipped="0" hostname="LAPTOP-AV8JRCAO" name="testscript.AddFamilyWithoutPictureTest" tests="1" failures="0" timestamp="2023-04-13T14:28:53 IST" time="11.249" errors="0">
  <testcase name="addFamilyWithoutPictureTest" time="11.249" classname="testscript.AddFamilyWithoutPictureTest"/>
  <system-out/>
</testsuite> <!-- testscript.AddFamilyWithoutPictureTest -->
