<?xml version="1.0" encoding="UTF-8"?>
<!-- Generated by org.testng.reporters.JUnitReportReporter -->
<testsuite skipped="0" hostname="LAPTOP-AV8JRCAO" name="testscript.AddFamilyUsingButtonTest" tests="1" failures="0" timestamp="2023-04-13T14:28:30 IST" time="18.727" errors="0">
  <testcase name="addFamilyUsingButtonTest" time="18.727" classname="testscript.AddFamilyUsingButtonTest"/>
  <system-out/>
</testsuite> <!-- testscript.AddFamilyUsingButtonTest -->
