<?xml version="1.0" encoding="UTF-8"?>
<!-- Generated by org.testng.reporters.JUnitReportReporter -->
<testsuite skipped="0" hostname="LAPTOP-AV8JRCAO" name="testscript.PrintFamilyTreeTest" tests="1" failures="0" timestamp="2023-04-13T14:30:25 IST" time="14.329" errors="0">
  <testcase name="printFamilyTreeTest" time="14.329" classname="testscript.PrintFamilyTreeTest"/>
  <system-out/>
</testsuite> <!-- testscript.PrintFamilyTreeTest -->
