<?xml version="1.0" encoding="UTF-8"?>
<!-- Generated by org.testng.reporters.JUnitReportReporter -->
<testsuite skipped="0" hostname="LAPTOP-AV8JRCAO" name="testscript.SearchFamilyMemberTest" tests="1" failures="0" timestamp="2023-04-13T14:30:57 IST" time="12.795" errors="0">
  <testcase name="searchFamilyMemberTest" time="12.795" classname="testscript.SearchFamilyMemberTest"/>
  <system-out/>
</testsuite> <!-- testscript.SearchFamilyMemberTest -->
