<?xml version="1.0" encoding="UTF-8"?>
<!-- Generated by org.testng.reporters.JUnitReportReporter -->
<testsuite skipped="0" hostname="LAPTOP-AV8JRCAO" name="testscript.ImportJsonTest" tests="1" failures="0" timestamp="2023-04-13T14:30:04 IST" time="25.813" errors="0">
  <testcase name="importJsonTest" time="25.813" classname="testscript.ImportJsonTest"/>
  <system-out/>
</testsuite> <!-- testscript.ImportJsonTest -->
